<?xml version="1.0" encoding="UTF-8"?>
<!-- Generated by org.testng.reporters.JUnitReportReporter -->
<testsuite hostname="DESKTOP-7886RLS" failures="0" tests="1" name="CodeAssessment.MovieDetails.MovieDetailsTest" time="19.022" errors="0" timestamp="2022-11-10T20:05:15 IST" skipped="0">
  <testcase classname="CodeAssessment.MovieDetails.MovieDetailsTest" name="verifyMovieDetails" time="19.022"/>
  <system-out/>
</testsuite> <!-- CodeAssessment.MovieDetails.MovieDetailsTest -->
